<?xml version="1.0" encoding="UTF-8"?>
<!-- Generated by org.testng.reporters.JUnitReportReporter -->
<testsuite skipped="0" hostname="vdimeriEUext009" name="tests.Tests" tests="1" failures="0" timestamp="2020-11-02T17:22:58 IST" time="146.004" errors="0">
  <testcase name="EndToEnd_TicketBookingTest" time="146.004" classname="tests.Tests"/>
  <system-out/>
</testsuite> <!-- tests.Tests -->
